2022-05-27 16:17:13 INFO  ProjectStartupHandler.runActivity(74) - ---------- Project opened ----------
2022-05-27 16:17:13 INFO  ProjectStartupHandler.runActivity(75) - ---------- Version 3.57 ----------

2022-05-27 16:17:13 INFO  ProjectStartupHandler.setAutoscrolls(346) - Autoscrolls successfully set
2022-05-27 16:17:13 INFO  ApacheHttpClient.isSessionAppropriateWithSecretKey(589) - The session is not set in the property file.
2022-05-27 16:17:13 INFO  ApacheHttpClient.login(250) - Waiting for server response.
2022-05-27 16:17:14 INFO  ApacheHttpClient.login(254) - responseCode = 200
2022-05-27 16:17:14 INFO  ApacheHttpClient.login(277) - JSESSIONID OK
2022-05-27 16:17:14 INFO  ApacheHttpClient.refreshUserInfo(305) - responseCode = 200
2022-05-27 16:17:14 INFO  ApacheHttpClient.refreshUserInfo(311) - User information received.
2022-05-27 16:17:14 INFO  ApacheHttpClient.startGA(36) - GAService started.
2022-05-27 16:17:36 INFO  ProjectStartupHandler.projectClosing(155) - ---------- Project closed ----------

2022-05-27 16:17:36 INFO  PluginProjectService.dispose(41) - PluginProjectService for disposed.
2022-05-27 16:17:44 INFO  ProjectStartupHandler.runActivity(74) - ---------- Project opened ----------
2022-05-27 16:17:44 INFO  ProjectStartupHandler.runActivity(75) - ---------- Version 3.57 ----------

2022-05-27 16:17:44 INFO  ProjectStartupHandler.setAutoscrolls(346) - Autoscrolls successfully set
2022-05-27 16:17:44 INFO  ApacheHttpClient.isSessionAppropriateWithSecretKey(602) - Waiting for server response.
2022-05-27 16:17:45 INFO  ApacheHttpClient.refreshUserInfo(305) - responseCode = 200
2022-05-27 16:17:45 INFO  ApacheHttpClient.refreshUserInfo(311) - User information received.
2022-05-27 16:17:45 INFO  ApacheHttpClient.startGA(36) - GAService started.
2022-05-27 16:21:03 INFO  ApacheHttpClient.getWebResourceAsStream(502) - responseCode = 200
2022-05-27 16:21:03 INFO  ApacheHttpClient.getFilteredTasks(336) - responseCode = 200
2022-05-27 16:21:08 INFO  ApacheHttpClient.getTaskTemplateInfo(353) - responseCode = 200
2022-05-27 16:21:08 INFO  TaskInfoSelectorMouseListener.createDirectoryRecursive(78) - File created :D:/Java/JavaRushTasks/1.JavaSyntax/src/com
2022-05-27 16:21:08 INFO  TaskInfoSelectorMouseListener.createDirectoryRecursive(78) - File created :D:/Java/JavaRushTasks/1.JavaSyntax/src/com/javarush
2022-05-27 16:21:08 INFO  TaskInfoSelectorMouseListener.createDirectoryRecursive(78) - File created :D:/Java/JavaRushTasks/1.JavaSyntax/src/com/javarush/task
2022-05-27 16:21:08 INFO  TaskInfoSelectorMouseListener.createDirectoryRecursive(78) - File created :D:/Java/JavaRushTasks/1.JavaSyntax/src/com/javarush/task/pro
2022-05-27 16:21:08 INFO  TaskInfoSelectorMouseListener.createDirectoryRecursive(78) - File created :D:/Java/JavaRushTasks/1.JavaSyntax/src/com/javarush/task/pro/task05
2022-05-27 16:21:08 INFO  TaskInfoSelectorMouseListener.createDirectoryRecursive(78) - File created :D:/Java/JavaRushTasks/1.JavaSyntax/src/com/javarush/task/pro/task05/task0501
2022-05-27 16:21:20 INFO  ApacheHttpClient.getWebResourceAsStream(502) - responseCode = 200
2022-05-27 16:21:21 INFO  ApacheHttpClient.getFilteredTasks(336) - responseCode = 200
2022-05-27 16:21:41 INFO  ApacheHttpClient.getTaskTemplateInfo(353) - responseCode = 200
2022-05-27 16:22:16 INFO  ApacheHttpClient.getWebResourceAsStream(502) - responseCode = 200
2022-05-27 16:22:17 INFO  ApacheHttpClient.getFilteredTasks(336) - responseCode = 200
2022-05-27 19:06:24 INFO  ApacheHttpClient.getWebResourceAsStream(502) - responseCode = 200
2022-05-27 19:06:24 INFO  ApacheHttpClient.getTask(488) - responseCode = 200
2022-05-27 19:06:25 INFO  ApacheHttpClient.completed(32) - responseCode = 200
2022-05-27 19:06:26 INFO  ApacheHttpClient.getTask(488) - responseCode = 200
2022-05-27 19:08:32 INFO  ApacheHttpClient.getWebResourceAsStream(502) - responseCode = 200
2022-05-27 19:08:33 INFO  ApacheHttpClient.getFilteredTasks(336) - responseCode = 200
2022-05-27 19:08:39 INFO  ApacheHttpClient.getTaskTemplateInfo(353) - responseCode = 200
2022-05-27 19:08:39 INFO  TaskInfoSelectorMouseListener.createDirectoryRecursive(78) - File created :D:/Java/JavaRushTasks/1.JavaSyntax/src/com/javarush/task/pro/task05/task0516
2022-05-27 19:18:46 INFO  ApacheHttpClient.getWebResourceAsStream(502) - responseCode = 200
2022-05-27 19:18:47 INFO  ApacheHttpClient.getTask(488) - responseCode = 200
2022-05-27 19:18:51 INFO  ApacheHttpClient.completed(32) - responseCode = 200
2022-05-27 19:18:51 INFO  ApacheHttpClient.getTask(488) - responseCode = 200
2022-05-27 19:24:03 INFO  ApacheHttpClient.getWebResourceAsStream(502) - responseCode = 200
2022-05-27 19:24:04 INFO  ApacheHttpClient.getFilteredTasks(336) - responseCode = 200
2022-05-27 19:24:13 INFO  ApacheHttpClient.getTaskTemplateInfo(353) - responseCode = 200
2022-05-27 19:24:13 INFO  TaskInfoSelectorMouseListener.createDirectoryRecursive(78) - File created :D:/Java/JavaRushTasks/1.JavaSyntax/src/com/javarush/task/pro/task05/task0517
2022-05-27 19:30:57 INFO  ApacheHttpClient.getWebResourceAsStream(502) - responseCode = 200
2022-05-27 19:30:58 INFO  ApacheHttpClient.getFilteredTasks(336) - responseCode = 200
2022-05-27 19:31:00 INFO  ApacheHttpClient.getWebResourceAsStream(502) - responseCode = 200
2022-05-27 19:31:01 INFO  ApacheHttpClient.getTask(488) - responseCode = 200
2022-05-27 19:31:03 INFO  ApacheHttpClient.completed(32) - responseCode = 200
2022-05-27 19:31:42 INFO  ApacheHttpClient.getWebResourceAsStream(502) - responseCode = 200
2022-05-27 19:31:42 INFO  ApacheHttpClient.getTask(488) - responseCode = 200
2022-05-27 19:31:45 INFO  ApacheHttpClient.completed(32) - responseCode = 200
2022-05-27 19:37:27 INFO  ApacheHttpClient.getWebResourceAsStream(502) - responseCode = 200
2022-05-27 19:37:27 INFO  ApacheHttpClient.getTask(488) - responseCode = 200
2022-05-27 19:37:30 INFO  ApacheHttpClient.completed(32) - responseCode = 200
2022-05-27 19:37:30 INFO  ApacheHttpClient.getTask(488) - responseCode = 200
2022-05-27 19:39:21 INFO  ApacheHttpClient.getWebResourceAsStream(502) - responseCode = 200
2022-05-27 19:39:21 INFO  ApacheHttpClient.getFilteredTasks(336) - responseCode = 200
2022-05-27 19:39:26 INFO  ApacheHttpClient.getTaskTemplateInfo(353) - responseCode = 200
2022-05-27 19:39:26 INFO  TaskInfoSelectorMouseListener.createDirectoryRecursive(78) - File created :D:/Java/JavaRushTasks/1.JavaSyntax/src/com/javarush/task/pro/task05/task0518
2022-05-27 19:39:56 INFO  ApacheHttpClient.getWebResourceAsStream(502) - responseCode = 200
2022-05-27 19:39:56 INFO  ApacheHttpClient.getFilteredTasks(336) - responseCode = 200
2022-05-27 19:40:00 INFO  ApacheHttpClient.getWebResourceAsStream(502) - responseCode = 200
2022-05-27 19:40:00 INFO  ApacheHttpClient.getTask(488) - responseCode = 200
2022-05-27 19:40:02 INFO  ApacheHttpClient.completed(32) - responseCode = 200
2022-05-27 19:40:03 INFO  ApacheHttpClient.getTask(488) - responseCode = 200
2022-05-27 19:42:38 INFO  ApacheHttpClient.getWebResourceAsStream(502) - responseCode = 200
2022-05-27 19:42:38 INFO  ApacheHttpClient.getFilteredTasks(336) - responseCode = 200
2022-05-27 19:42:46 INFO  ApacheHttpClient.getTaskTemplateInfo(353) - responseCode = 200
2022-05-27 19:42:46 INFO  TaskInfoSelectorMouseListener.createDirectoryRecursive(78) - File created :D:/Java/JavaRushTasks/1.JavaSyntax/src/com/javarush/task/pro/task05/task0519
2022-05-27 19:42:46 INFO  ApacheHttpClient.getTask(488) - responseCode = 200
2022-05-27 19:48:26 INFO  ApacheHttpClient.getWebResourceAsStream(502) - responseCode = 200
2022-05-27 19:48:26 INFO  ApacheHttpClient.getTask(488) - responseCode = 200
2022-05-27 19:48:30 INFO  ApacheHttpClient.completed(32) - responseCode = 200
2022-05-27 19:49:23 INFO  ApacheHttpClient.getWebResourceAsStream(502) - responseCode = 200
2022-05-27 19:49:24 INFO  ApacheHttpClient.getTask(488) - responseCode = 200
2022-05-27 19:49:27 INFO  ApacheHttpClient.completed(32) - responseCode = 200
2022-05-27 19:49:37 INFO  ApacheHttpClient.getWebResourceAsStream(502) - responseCode = 200
2022-05-27 19:49:37 WARN  PluginUtil.getCurrentTask(78) - Error while retrieving the task key.
java.lang.StringIndexOutOfBoundsException: String index out of range: -1
	at java.base/java.lang.String.substring(String.java:1837)
	at com.homework.plugin.PluginUtil.getCurrentVirtualFile(PluginUtil.java:160)
	at com.homework.plugin.PluginUtil.getCurrentTask(PluginUtil.java:69)
	at com.homework.plugin.button.ForumButton.actionPerformed(ForumButton.java:47)
	at com.intellij.openapi.actionSystem.impl.ActionButton.actionPerformed(ActionButton.java:182)
	at com.intellij.openapi.actionSystem.impl.ActionButton.lambda$performAction$0(ActionButton.java:158)
	at com.intellij.openapi.actionSystem.ex.ActionUtil.performDumbAwareWithCallbacks(ActionUtil.java:256)
	at com.intellij.openapi.actionSystem.impl.ActionButton.performAction(ActionButton.java:158)
	at com.intellij.openapi.actionSystem.impl.ActionButton.processMouseEvent(ActionButton.java:464)
	at java.desktop/java.awt.Component.processEvent(Component.java:6419)
	at java.desktop/java.awt.Container.processEvent(Container.java:2263)
	at java.desktop/java.awt.Component.dispatchEventImpl(Component.java:5029)
	at java.desktop/java.awt.Container.dispatchEventImpl(Container.java:2321)
	at java.desktop/java.awt.Component.dispatchEvent(Component.java:4861)
	at java.desktop/java.awt.LightweightDispatcher.retargetMouseEvent(Container.java:4918)
	at java.desktop/java.awt.LightweightDispatcher.processMouseEvent(Container.java:4547)
	at java.desktop/java.awt.LightweightDispatcher.dispatchEvent(Container.java:4488)
	at java.desktop/java.awt.Container.dispatchEventImpl(Container.java:2307)
	at java.desktop/java.awt.Window.dispatchEventImpl(Window.java:2793)
	at java.desktop/java.awt.Component.dispatchEvent(Component.java:4861)
	at java.desktop/java.awt.EventQueue.dispatchEventImpl(EventQueue.java:778)
	at java.desktop/java.awt.EventQueue$4.run(EventQueue.java:727)
	at java.desktop/java.awt.EventQueue$4.run(EventQueue.java:721)
	at java.base/java.security.AccessController.doPrivileged(Native Method)
	at java.base/java.security.ProtectionDomain$JavaSecurityAccessImpl.doIntersectionPrivilege(ProtectionDomain.java:85)
	at java.base/java.security.ProtectionDomain$JavaSecurityAccessImpl.doIntersectionPrivilege(ProtectionDomain.java:95)
	at java.desktop/java.awt.EventQueue$5.run(EventQueue.java:751)
	at java.desktop/java.awt.EventQueue$5.run(EventQueue.java:749)
	at java.base/java.security.AccessController.doPrivileged(Native Method)
	at java.base/java.security.ProtectionDomain$JavaSecurityAccessImpl.doIntersectionPrivilege(ProtectionDomain.java:85)
	at java.desktop/java.awt.EventQueue.dispatchEvent(EventQueue.java:748)
	at com.intellij.ide.IdeEventQueue.defaultDispatchEvent(IdeEventQueue.java:898)
	at com.intellij.ide.IdeEventQueue.dispatchMouseEvent(IdeEventQueue.java:820)
	at com.intellij.ide.IdeEventQueue._dispatchEvent(IdeEventQueue.java:743)
	at com.intellij.ide.IdeEventQueue.lambda$dispatchEvent$6(IdeEventQueue.java:439)
	at com.intellij.openapi.progress.impl.CoreProgressManager.computePrioritized(CoreProgressManager.java:803)
	at com.intellij.ide.IdeEventQueue.lambda$dispatchEvent$7(IdeEventQueue.java:438)
	at com.intellij.openapi.application.TransactionGuardImpl.performActivity(TransactionGuardImpl.java:119)
	at com.intellij.ide.IdeEventQueue.performActivity(IdeEventQueue.java:604)
	at com.intellij.ide.IdeEventQueue.lambda$dispatchEvent$8(IdeEventQueue.java:436)
	at com.intellij.openapi.application.impl.ApplicationImpl.runIntendedWriteActionOnCurrentThread(ApplicationImpl.java:873)
	at com.intellij.ide.IdeEventQueue.dispatchEvent(IdeEventQueue.java:484)
	at java.desktop/java.awt.EventDispatchThread.pumpOneEventForFilters(EventDispatchThread.java:207)
	at java.desktop/java.awt.EventDispatchThread.pumpEventsForFilter(EventDispatchThread.java:128)
	at java.desktop/java.awt.EventDispatchThread.pumpEventsForHierarchy(EventDispatchThread.java:117)
	at java.desktop/java.awt.EventDispatchThread.pumpEvents(EventDispatchThread.java:113)
	at java.desktop/java.awt.EventDispatchThread.pumpEvents(EventDispatchThread.java:105)
	at java.desktop/java.awt.EventDispatchThread.run(EventDispatchThread.java:92)
2022-05-27 19:49:37 INFO  ApacheHttpClient.getTask(488) - responseCode = 200
2022-05-27 19:50:34 INFO  ApacheHttpClient.getWebResourceAsStream(502) - responseCode = 200
2022-05-27 19:50:34 INFO  ApacheHttpClient.getFilteredTasks(336) - responseCode = 200
2022-05-27 19:50:37 INFO  ApacheHttpClient.getWebResourceAsStream(502) - responseCode = 200
2022-05-27 19:50:37 INFO  ApacheHttpClient.getTask(488) - responseCode = 200
2022-05-27 19:50:39 INFO  ApacheHttpClient.completed(32) - responseCode = 200
2022-05-27 19:50:40 INFO  ApacheHttpClient.getTask(488) - responseCode = 200
2022-05-27 20:02:17 INFO  ApacheHttpClient.getWebResourceAsStream(502) - responseCode = 200
2022-05-27 20:02:17 INFO  ApacheHttpClient.getFilteredTasks(336) - responseCode = 200
2022-05-27 20:02:22 INFO  ApacheHttpClient.getFilteredTasks(336) - responseCode = 200
2022-05-27 20:02:26 INFO  ApacheHttpClient.getFilteredTasks(336) - responseCode = 200
2022-05-27 20:02:28 INFO  ApacheHttpClient.getFilteredTasks(336) - responseCode = 200
2022-05-27 20:02:30 INFO  ApacheHttpClient.getFilteredTasks(336) - responseCode = 200
2022-05-27 21:21:23 INFO  ProjectStartupHandler.projectClosing(155) - ---------- Project closed ----------

2022-05-27 21:21:24 INFO  ApacheHttpClient.getTask(488) - responseCode = 200
2022-05-27 21:21:24 INFO  ApacheHttpClient.getTask(488) - responseCode = 200
2022-05-27 21:21:24 INFO  ApacheHttpClient.getTask(488) - responseCode = 200
2022-05-27 21:21:24 INFO  ApacheHttpClient.getTask(488) - responseCode = 200
2022-05-27 21:21:24 INFO  ApacheHttpClient.getTask(488) - responseCode = 200
2022-05-27 21:21:25 INFO  PluginProjectService.dispose(41) - PluginProjectService for disposed.
2022-05-27 21:35:26 INFO  ProjectStartupHandler.runActivity(74) - ---------- Project opened ----------
2022-05-27 21:35:26 INFO  ProjectStartupHandler.runActivity(75) - ---------- Version 3.57 ----------

2022-05-27 21:35:26 INFO  ApacheHttpClient.isSessionAppropriateWithSecretKey(602) - Waiting for server response.
2022-05-27 21:35:26 INFO  ApacheHttpClient.refreshUserInfo(305) - responseCode = 200
2022-05-27 21:35:26 INFO  ApacheHttpClient.refreshUserInfo(311) - User information received.
2022-05-27 21:35:26 INFO  ApacheHttpClient.startGA(36) - GAService started.
2022-05-27 21:35:31 INFO  ApacheHttpClient.getWebResourceAsStream(502) - responseCode = 200
2022-05-27 21:35:31 INFO  ApacheHttpClient.getFilteredTasks(336) - responseCode = 200
2022-05-27 21:46:52 INFO  ProjectStartupHandler.projectClosing(155) - ---------- Project closed ----------

2022-05-27 21:46:52 INFO  PluginProjectService.dispose(41) - PluginProjectService for disposed.
2022-05-27 21:47:01 INFO  ProjectStartupHandler.runActivity(74) - ---------- Project opened ----------
2022-05-27 21:47:01 INFO  ProjectStartupHandler.runActivity(75) - ---------- Version 3.57 ----------

2022-05-27 21:47:01 INFO  ApacheHttpClient.isSessionAppropriateWithSecretKey(602) - Waiting for server response.
2022-05-27 21:47:01 INFO  ApacheHttpClient.refreshUserInfo(305) - responseCode = 200
2022-05-27 21:47:01 INFO  ApacheHttpClient.refreshUserInfo(311) - User information received.
2022-05-27 21:47:01 INFO  ApacheHttpClient.startGA(36) - GAService started.
2022-05-27 21:50:12 INFO  ProjectStartupHandler.projectClosing(155) - ---------- Project closed ----------

2022-05-27 21:50:12 INFO  PluginProjectService.dispose(41) - PluginProjectService for disposed.
2022-05-27 21:50:28 INFO  ProjectStartupHandler.runActivity(74) - ---------- Project opened ----------
2022-05-27 21:50:28 INFO  ProjectStartupHandler.runActivity(75) - ---------- Version 3.57 ----------

2022-05-27 21:50:28 INFO  ApacheHttpClient.isSessionAppropriateWithSecretKey(602) - Waiting for server response.
2022-05-27 21:50:29 INFO  ApacheHttpClient.refreshUserInfo(305) - responseCode = 200
2022-05-27 21:50:29 INFO  ApacheHttpClient.refreshUserInfo(311) - User information received.
2022-05-27 21:50:29 INFO  ApacheHttpClient.startGA(36) - GAService started.
2022-05-27 21:50:45 INFO  ProjectStartupHandler.projectClosing(155) - ---------- Project closed ----------

2022-05-27 21:50:45 INFO  PluginProjectService.dispose(41) - PluginProjectService for disposed.
2022-05-27 21:50:54 INFO  ProjectStartupHandler.runActivity(74) - ---------- Project opened ----------
2022-05-27 21:50:54 INFO  ProjectStartupHandler.runActivity(75) - ---------- Version 3.57 ----------

2022-05-27 21:50:54 INFO  ApacheHttpClient.isSessionAppropriateWithSecretKey(602) - Waiting for server response.
2022-05-27 21:50:54 INFO  ApacheHttpClient.refreshUserInfo(305) - responseCode = 200
2022-05-27 21:50:54 INFO  ApacheHttpClient.refreshUserInfo(311) - User information received.
2022-05-27 21:50:54 INFO  ApacheHttpClient.startGA(36) - GAService started.
2022-05-27 21:51:29 INFO  ProjectStartupHandler.projectClosing(155) - ---------- Project closed ----------

2022-05-27 21:51:29 INFO  PluginProjectService.dispose(41) - PluginProjectService for disposed.
2022-05-27 21:51:39 INFO  ProjectStartupHandler.runActivity(74) - ---------- Project opened ----------
2022-05-27 21:51:39 INFO  ProjectStartupHandler.runActivity(75) - ---------- Version 3.57 ----------

2022-05-27 21:51:39 INFO  ApacheHttpClient.isSessionAppropriateWithSecretKey(602) - Waiting for server response.
2022-05-27 21:51:39 INFO  ApacheHttpClient.refreshUserInfo(305) - responseCode = 200
2022-05-27 21:51:39 INFO  ApacheHttpClient.refreshUserInfo(311) - User information received.
2022-05-27 21:51:39 INFO  ApacheHttpClient.startGA(36) - GAService started.
2022-05-27 22:10:19 INFO  ProjectStartupHandler.projectClosing(155) - ---------- Project closed ----------

2022-05-27 22:10:19 INFO  PluginProjectService.dispose(41) - PluginProjectService for disposed.
2022-05-28 12:21:08 INFO  ProjectStartupHandler.runActivity(74) - ---------- Project opened ----------
2022-05-28 12:21:08 INFO  ProjectStartupHandler.runActivity(75) - ---------- Version 3.57 ----------

2022-05-28 12:21:08 INFO  ApacheHttpClient.isSessionAppropriateWithSecretKey(602) - Waiting for server response.
2022-05-28 12:21:08 INFO  ApacheHttpClient.refreshUserInfo(305) - responseCode = 200
2022-05-28 12:21:08 INFO  ApacheHttpClient.refreshUserInfo(311) - User information received.
2022-05-28 12:21:08 INFO  ApacheHttpClient.startGA(36) - GAService started.
2022-05-28 12:22:06 INFO  ApacheHttpClient.getWebResourceAsStream(502) - responseCode = 200
2022-05-28 12:22:06 INFO  ApacheHttpClient.getFilteredTasks(336) - responseCode = 200
2022-05-28 12:43:36 INFO  ApacheHttpClient.getFilteredTasks(336) - responseCode = 200
2022-05-28 12:49:21 INFO  ApacheHttpClient.getWebResourceAsStream(502) - responseCode = 200
2022-05-28 12:49:21 INFO  ApacheHttpClient.getFilteredTasks(336) - responseCode = 200
2022-05-28 12:49:24 INFO  ApacheHttpClient.getFilteredTasks(336) - responseCode = 200
2022-05-28 13:20:24 INFO  ApacheHttpClient.getWebResourceAsStream(502) - responseCode = 200
2022-05-28 13:20:24 INFO  ApacheHttpClient.getFilteredTasks(336) - responseCode = 200
2022-05-28 13:20:31 INFO  ApacheHttpClient.getTaskTemplateInfo(353) - responseCode = 200
2022-05-28 13:20:31 INFO  TaskInfoSelectorMouseListener.createDirectoryRecursive(78) - File created :D:/Java/JavaRushTasks/1.JavaSyntax/src/com/javarush/task/pro/task06
2022-05-28 13:20:31 INFO  TaskInfoSelectorMouseListener.createDirectoryRecursive(78) - File created :D:/Java/JavaRushTasks/1.JavaSyntax/src/com/javarush/task/pro/task06/task0601
2022-05-28 13:24:20 INFO  ApacheHttpClient.getWebResourceAsStream(502) - responseCode = 200
2022-05-28 13:24:20 INFO  ApacheHttpClient.getTask(488) - responseCode = 200
2022-05-28 13:24:25 INFO  ApacheHttpClient.completed(32) - responseCode = 200
2022-05-28 13:24:25 INFO  ApacheHttpClient.getTask(488) - responseCode = 200
2022-05-28 13:24:51 INFO  ApacheHttpClient.getWebResourceAsStream(502) - responseCode = 200
2022-05-28 13:24:52 INFO  ApacheHttpClient.getFilteredTasks(336) - responseCode = 200
2022-05-28 13:24:54 INFO  ApacheHttpClient.getTaskTemplateInfo(353) - responseCode = 200
2022-05-28 13:24:54 INFO  TaskInfoSelectorMouseListener.createDirectoryRecursive(78) - File created :D:/Java/JavaRushTasks/1.JavaSyntax/src/com/javarush/task/pro/task06/task0602
2022-05-28 13:24:54 INFO  ApacheHttpClient.getTask(488) - responseCode = 200
2022-05-28 13:26:45 INFO  ApacheHttpClient.getWebResourceAsStream(502) - responseCode = 200
2022-05-28 13:26:46 INFO  ApacheHttpClient.getTask(488) - responseCode = 200
2022-05-28 13:26:46 INFO  ApacheHttpClient.completed(32) - responseCode = 200
2022-05-28 13:26:46 INFO  ApacheHttpClient.getTask(488) - responseCode = 200
2022-05-28 13:27:03 INFO  ApacheHttpClient.getWebResourceAsStream(502) - responseCode = 200
2022-05-28 13:27:03 INFO  ApacheHttpClient.getFilteredTasks(336) - responseCode = 200
2022-05-28 13:35:39 INFO  ApacheHttpClient.getTaskTemplateInfo(353) - responseCode = 200
2022-05-28 13:35:39 INFO  TaskInfoSelectorMouseListener.createDirectoryRecursive(78) - File created :D:/Java/JavaRushTasks/1.JavaSyntax/src/com/javarush/task/pro/task06/task0603
2022-05-28 13:35:39 INFO  ApacheHttpClient.getTask(488) - responseCode = 200
2022-05-28 13:38:17 INFO  ApacheHttpClient.getWebResourceAsStream(502) - responseCode = 200
2022-05-28 13:38:17 INFO  ApacheHttpClient.getTask(488) - responseCode = 200
2022-05-28 13:38:20 INFO  ApacheHttpClient.completed(32) - responseCode = 200
2022-05-28 13:38:21 INFO  ApacheHttpClient.getTask(488) - responseCode = 200
2022-05-28 13:38:37 INFO  ApacheHttpClient.getWebResourceAsStream(502) - responseCode = 200
2022-05-28 13:38:37 INFO  ApacheHttpClient.getFilteredTasks(336) - responseCode = 200
2022-05-28 13:38:41 INFO  ApacheHttpClient.getTaskTemplateInfo(353) - responseCode = 200
2022-05-28 13:38:41 INFO  TaskInfoSelectorMouseListener.createDirectoryRecursive(78) - File created :D:/Java/JavaRushTasks/1.JavaSyntax/src/com/javarush/task/pro/task06/task0604
2022-05-28 13:38:41 INFO  ApacheHttpClient.getTask(488) - responseCode = 200
2022-05-28 13:44:11 INFO  ApacheHttpClient.getWebResourceAsStream(502) - responseCode = 200
2022-05-28 13:44:12 INFO  ApacheHttpClient.getTask(488) - responseCode = 200
2022-05-28 13:44:12 INFO  ApacheHttpClient.completed(32) - responseCode = 200
2022-05-28 13:44:12 INFO  ApacheHttpClient.getTask(488) - responseCode = 200
2022-05-28 13:48:10 INFO  ApacheHttpClient.getWebResourceAsStream(502) - responseCode = 200
2022-05-28 13:48:10 INFO  ApacheHttpClient.getFilteredTasks(336) - responseCode = 200
2022-05-28 13:48:19 INFO  ApacheHttpClient.getTaskTemplateInfo(353) - responseCode = 200
2022-05-28 13:48:19 INFO  TaskInfoSelectorMouseListener.createDirectoryRecursive(78) - File created :D:/Java/JavaRushTasks/1.JavaSyntax/src/com/javarush/task/pro/task06/task0605
2022-05-28 13:48:19 INFO  ApacheHttpClient.getTask(488) - responseCode = 200
2022-05-28 13:50:35 INFO  ApacheHttpClient.getWebResourceAsStream(502) - responseCode = 200
2022-05-28 13:50:36 INFO  ApacheHttpClient.getTask(488) - responseCode = 200
2022-05-28 13:50:38 INFO  ApacheHttpClient.completed(32) - responseCode = 200
2022-05-28 13:50:57 INFO  ApacheHttpClient.getWebResourceAsStream(502) - responseCode = 200
2022-05-28 13:50:57 INFO  ApacheHttpClient.getFilteredTasks(336) - responseCode = 200
2022-05-28 13:50:59 INFO  ApacheHttpClient.getWebResourceAsStream(502) - responseCode = 200
2022-05-28 13:51:00 INFO  ApacheHttpClient.getTask(488) - responseCode = 200
2022-05-28 13:51:00 INFO  ApacheHttpClient.completed(32) - responseCode = 200
2022-05-28 13:55:00 INFO  ApacheHttpClient.getWebResourceAsStream(502) - responseCode = 200
2022-05-28 13:55:00 INFO  ApacheHttpClient.getTask(488) - responseCode = 200
2022-05-28 13:55:00 INFO  ApacheHttpClient.completed(32) - responseCode = 200
2022-05-28 13:55:01 INFO  ApacheHttpClient.getTask(488) - responseCode = 200
2022-05-28 13:55:15 INFO  ApacheHttpClient.getWebResourceAsStream(502) - responseCode = 200
2022-05-28 13:55:15 INFO  ApacheHttpClient.getFilteredTasks(336) - responseCode = 200
2022-05-28 13:55:18 INFO  ApacheHttpClient.getTaskTemplateInfo(353) - responseCode = 200
2022-05-28 13:55:18 INFO  TaskInfoSelectorMouseListener.createDirectoryRecursive(78) - File created :D:/Java/JavaRushTasks/1.JavaSyntax/src/com/javarush/task/pro/task06/task0606
2022-05-28 13:55:18 INFO  ApacheHttpClient.getTask(488) - responseCode = 200
2022-05-28 13:57:58 INFO  ApacheHttpClient.getWebResourceAsStream(502) - responseCode = 200
2022-05-28 13:57:58 INFO  ApacheHttpClient.getTask(488) - responseCode = 200
2022-05-28 13:57:58 INFO  ApacheHttpClient.completed(32) - responseCode = 200
2022-05-28 13:57:59 INFO  ApacheHttpClient.getTask(488) - responseCode = 200
2022-05-28 13:58:07 INFO  ApacheHttpClient.getWebResourceAsStream(502) - responseCode = 200
2022-05-28 13:58:07 INFO  ApacheHttpClient.getFilteredTasks(336) - responseCode = 200
2022-05-28 14:01:42 INFO  ApacheHttpClient.getWebResourceAsStream(502) - responseCode = 200
2022-05-28 14:01:42 WARN  PluginUtil.getCurrentTask(78) - Error while retrieving the task key.
java.lang.StringIndexOutOfBoundsException: String index out of range: -1
	at java.base/java.lang.String.substring(String.java:1837)
	at com.homework.plugin.PluginUtil.getCurrentVirtualFile(PluginUtil.java:160)
	at com.homework.plugin.PluginUtil.getCurrentTask(PluginUtil.java:69)
	at com.homework.plugin.button.ValidateButton.actionPerformed(ValidateButton.java:57)
	at com.intellij.openapi.actionSystem.impl.ActionButton.actionPerformed(ActionButton.java:182)
	at com.intellij.openapi.actionSystem.impl.ActionButton.lambda$performAction$0(ActionButton.java:158)
	at com.intellij.openapi.actionSystem.ex.ActionUtil.performDumbAwareWithCallbacks(ActionUtil.java:256)
	at com.intellij.openapi.actionSystem.impl.ActionButton.performAction(ActionButton.java:158)
	at com.intellij.openapi.actionSystem.impl.ActionButton.processMouseEvent(ActionButton.java:464)
	at java.desktop/java.awt.Component.processEvent(Component.java:6419)
	at java.desktop/java.awt.Container.processEvent(Container.java:2263)
	at java.desktop/java.awt.Component.dispatchEventImpl(Component.java:5029)
	at java.desktop/java.awt.Container.dispatchEventImpl(Container.java:2321)
	at java.desktop/java.awt.Component.dispatchEvent(Component.java:4861)
	at java.desktop/java.awt.LightweightDispatcher.retargetMouseEvent(Container.java:4918)
	at java.desktop/java.awt.LightweightDispatcher.processMouseEvent(Container.java:4547)
	at java.desktop/java.awt.LightweightDispatcher.dispatchEvent(Container.java:4488)
	at java.desktop/java.awt.Container.dispatchEventImpl(Container.java:2307)
	at java.desktop/java.awt.Window.dispatchEventImpl(Window.java:2793)
	at java.desktop/java.awt.Component.dispatchEvent(Component.java:4861)
	at java.desktop/java.awt.EventQueue.dispatchEventImpl(EventQueue.java:778)
	at java.desktop/java.awt.EventQueue$4.run(EventQueue.java:727)
	at java.desktop/java.awt.EventQueue$4.run(EventQueue.java:721)
	at java.base/java.security.AccessController.doPrivileged(Native Method)
	at java.base/java.security.ProtectionDomain$JavaSecurityAccessImpl.doIntersectionPrivilege(ProtectionDomain.java:85)
	at java.base/java.security.ProtectionDomain$JavaSecurityAccessImpl.doIntersectionPrivilege(ProtectionDomain.java:95)
	at java.desktop/java.awt.EventQueue$5.run(EventQueue.java:751)
	at java.desktop/java.awt.EventQueue$5.run(EventQueue.java:749)
	at java.base/java.security.AccessController.doPrivileged(Native Method)
	at java.base/java.security.ProtectionDomain$JavaSecurityAccessImpl.doIntersectionPrivilege(ProtectionDomain.java:85)
	at java.desktop/java.awt.EventQueue.dispatchEvent(EventQueue.java:748)
	at com.intellij.ide.IdeEventQueue.defaultDispatchEvent(IdeEventQueue.java:898)
	at com.intellij.ide.IdeEventQueue.dispatchMouseEvent(IdeEventQueue.java:820)
	at com.intellij.ide.IdeEventQueue._dispatchEvent(IdeEventQueue.java:743)
	at com.intellij.ide.IdeEventQueue.lambda$dispatchEvent$6(IdeEventQueue.java:439)
	at com.intellij.openapi.progress.impl.CoreProgressManager.computePrioritized(CoreProgressManager.java:803)
	at com.intellij.ide.IdeEventQueue.lambda$dispatchEvent$7(IdeEventQueue.java:438)
	at com.intellij.openapi.application.TransactionGuardImpl.performActivity(TransactionGuardImpl.java:119)
	at com.intellij.ide.IdeEventQueue.performActivity(IdeEventQueue.java:604)
	at com.intellij.ide.IdeEventQueue.lambda$dispatchEvent$8(IdeEventQueue.java:436)
	at com.intellij.openapi.application.impl.ApplicationImpl.runIntendedWriteActionOnCurrentThread(ApplicationImpl.java:873)
	at com.intellij.ide.IdeEventQueue.dispatchEvent(IdeEventQueue.java:484)
	at java.desktop/java.awt.EventDispatchThread.pumpOneEventForFilters(EventDispatchThread.java:207)
	at java.desktop/java.awt.EventDispatchThread.pumpEventsForFilter(EventDispatchThread.java:128)
	at java.desktop/java.awt.EventDispatchThread.pumpEventsForHierarchy(EventDispatchThread.java:117)
	at java.desktop/java.awt.EventDispatchThread.pumpEvents(EventDispatchThread.java:113)
	at java.desktop/java.awt.EventDispatchThread.pumpEvents(EventDispatchThread.java:105)
	at java.desktop/java.awt.EventDispatchThread.run(EventDispatchThread.java:92)
2022-05-28 14:01:42 WARN  PluginUtil.getCurrentDirectory(109) - Error while getting the current directory.
java.lang.StringIndexOutOfBoundsException: String index out of range: -1
	at java.base/java.lang.String.substring(String.java:1837)
	at com.homework.plugin.PluginUtil.getCurrentVirtualFile(PluginUtil.java:160)
	at com.homework.plugin.PluginUtil.getCurrentDirectory(PluginUtil.java:107)
	at com.homework.plugin.button.ValidateButton.actionPerformed(ValidateButton.java:62)
	at com.intellij.openapi.actionSystem.impl.ActionButton.actionPerformed(ActionButton.java:182)
	at com.intellij.openapi.actionSystem.impl.ActionButton.lambda$performAction$0(ActionButton.java:158)
	at com.intellij.openapi.actionSystem.ex.ActionUtil.performDumbAwareWithCallbacks(ActionUtil.java:256)
	at com.intellij.openapi.actionSystem.impl.ActionButton.performAction(ActionButton.java:158)
	at com.intellij.openapi.actionSystem.impl.ActionButton.processMouseEvent(ActionButton.java:464)
	at java.desktop/java.awt.Component.processEvent(Component.java:6419)
	at java.desktop/java.awt.Container.processEvent(Container.java:2263)
	at java.desktop/java.awt.Component.dispatchEventImpl(Component.java:5029)
	at java.desktop/java.awt.Container.dispatchEventImpl(Container.java:2321)
	at java.desktop/java.awt.Component.dispatchEvent(Component.java:4861)
	at java.desktop/java.awt.LightweightDispatcher.retargetMouseEvent(Container.java:4918)
	at java.desktop/java.awt.LightweightDispatcher.processMouseEvent(Container.java:4547)
	at java.desktop/java.awt.LightweightDispatcher.dispatchEvent(Container.java:4488)
	at java.desktop/java.awt.Container.dispatchEventImpl(Container.java:2307)
	at java.desktop/java.awt.Window.dispatchEventImpl(Window.java:2793)
	at java.desktop/java.awt.Component.dispatchEvent(Component.java:4861)
	at java.desktop/java.awt.EventQueue.dispatchEventImpl(EventQueue.java:778)
	at java.desktop/java.awt.EventQueue$4.run(EventQueue.java:727)
	at java.desktop/java.awt.EventQueue$4.run(EventQueue.java:721)
	at java.base/java.security.AccessController.doPrivileged(Native Method)
	at java.base/java.security.ProtectionDomain$JavaSecurityAccessImpl.doIntersectionPrivilege(ProtectionDomain.java:85)
	at java.base/java.security.ProtectionDomain$JavaSecurityAccessImpl.doIntersectionPrivilege(ProtectionDomain.java:95)
	at java.desktop/java.awt.EventQueue$5.run(EventQueue.java:751)
	at java.desktop/java.awt.EventQueue$5.run(EventQueue.java:749)
	at java.base/java.security.AccessController.doPrivileged(Native Method)
	at java.base/java.security.ProtectionDomain$JavaSecurityAccessImpl.doIntersectionPrivilege(ProtectionDomain.java:85)
	at java.desktop/java.awt.EventQueue.dispatchEvent(EventQueue.java:748)
	at com.intellij.ide.IdeEventQueue.defaultDispatchEvent(IdeEventQueue.java:898)
	at com.intellij.ide.IdeEventQueue.dispatchMouseEvent(IdeEventQueue.java:820)
	at com.intellij.ide.IdeEventQueue._dispatchEvent(IdeEventQueue.java:743)
	at com.intellij.ide.IdeEventQueue.lambda$dispatchEvent$6(IdeEventQueue.java:439)
	at com.intellij.openapi.progress.impl.CoreProgressManager.computePrioritized(CoreProgressManager.java:803)
	at com.intellij.ide.IdeEventQueue.lambda$dispatchEvent$7(IdeEventQueue.java:438)
	at com.intellij.openapi.application.TransactionGuardImpl.performActivity(TransactionGuardImpl.java:119)
	at com.intellij.ide.IdeEventQueue.performActivity(IdeEventQueue.java:604)
	at com.intellij.ide.IdeEventQueue.lambda$dispatchEvent$8(IdeEventQueue.java:436)
	at com.intellij.openapi.application.impl.ApplicationImpl.runIntendedWriteActionOnCurrentThread(ApplicationImpl.java:873)
	at com.intellij.ide.IdeEventQueue.dispatchEvent(IdeEventQueue.java:484)
	at java.desktop/java.awt.EventDispatchThread.pumpOneEventForFilters(EventDispatchThread.java:207)
	at java.desktop/java.awt.EventDispatchThread.pumpEventsForFilter(EventDispatchThread.java:128)
	at java.desktop/java.awt.EventDispatchThread.pumpEventsForHierarchy(EventDispatchThread.java:117)
	at java.desktop/java.awt.EventDispatchThread.pumpEvents(EventDispatchThread.java:113)
	at java.desktop/java.awt.EventDispatchThread.pumpEvents(EventDispatchThread.java:105)
	at java.desktop/java.awt.EventDispatchThread.run(EventDispatchThread.java:92)
2022-05-28 14:01:42 WARN  PluginUtil.getCurrentDirectory(109) - Error while getting the current directory.
java.lang.StringIndexOutOfBoundsException: String index out of range: -1
	at java.base/java.lang.String.substring(String.java:1837)
	at com.homework.plugin.PluginUtil.getCurrentVirtualFile(PluginUtil.java:160)
	at com.homework.plugin.PluginUtil.getCurrentDirectory(PluginUtil.java:107)
	at com.homework.plugin.PluginUtil.getTaskTitle(PluginUtil.java:84)
	at com.homework.plugin.button.ValidateButton.actionPerformed(ValidateButton.java:85)
	at com.intellij.openapi.actionSystem.impl.ActionButton.actionPerformed(ActionButton.java:182)
	at com.intellij.openapi.actionSystem.impl.ActionButton.lambda$performAction$0(ActionButton.java:158)
	at com.intellij.openapi.actionSystem.ex.ActionUtil.performDumbAwareWithCallbacks(ActionUtil.java:256)
	at com.intellij.openapi.actionSystem.impl.ActionButton.performAction(ActionButton.java:158)
	at com.intellij.openapi.actionSystem.impl.ActionButton.processMouseEvent(ActionButton.java:464)
	at java.desktop/java.awt.Component.processEvent(Component.java:6419)
	at java.desktop/java.awt.Container.processEvent(Container.java:2263)
	at java.desktop/java.awt.Component.dispatchEventImpl(Component.java:5029)
	at java.desktop/java.awt.Container.dispatchEventImpl(Container.java:2321)
	at java.desktop/java.awt.Component.dispatchEvent(Component.java:4861)
	at java.desktop/java.awt.LightweightDispatcher.retargetMouseEvent(Container.java:4918)
	at java.desktop/java.awt.LightweightDispatcher.processMouseEvent(Container.java:4547)
	at java.desktop/java.awt.LightweightDispatcher.dispatchEvent(Container.java:4488)
	at java.desktop/java.awt.Container.dispatchEventImpl(Container.java:2307)
	at java.desktop/java.awt.Window.dispatchEventImpl(Window.java:2793)
	at java.desktop/java.awt.Component.dispatchEvent(Component.java:4861)
	at java.desktop/java.awt.EventQueue.dispatchEventImpl(EventQueue.java:778)
	at java.desktop/java.awt.EventQueue$4.run(EventQueue.java:727)
	at java.desktop/java.awt.EventQueue$4.run(EventQueue.java:721)
	at java.base/java.security.AccessController.doPrivileged(Native Method)
	at java.base/java.security.ProtectionDomain$JavaSecurityAccessImpl.doIntersectionPrivilege(ProtectionDomain.java:85)
	at java.base/java.security.ProtectionDomain$JavaSecurityAccessImpl.doIntersectionPrivilege(ProtectionDomain.java:95)
	at java.desktop/java.awt.EventQueue$5.run(EventQueue.java:751)
	at java.desktop/java.awt.EventQueue$5.run(EventQueue.java:749)
	at java.base/java.security.AccessController.doPrivileged(Native Method)
	at java.base/java.security.ProtectionDomain$JavaSecurityAccessImpl.doIntersectionPrivilege(ProtectionDomain.java:85)
	at java.desktop/java.awt.EventQueue.dispatchEvent(EventQueue.java:748)
	at com.intellij.ide.IdeEventQueue.defaultDispatchEvent(IdeEventQueue.java:898)
	at com.intellij.ide.IdeEventQueue.dispatchMouseEvent(IdeEventQueue.java:820)
	at com.intellij.ide.IdeEventQueue._dispatchEvent(IdeEventQueue.java:743)
	at com.intellij.ide.IdeEventQueue.lambda$dispatchEvent$6(IdeEventQueue.java:439)
	at com.intellij.openapi.progress.impl.CoreProgressManager.computePrioritized(CoreProgressManager.java:803)
	at com.intellij.ide.IdeEventQueue.lambda$dispatchEvent$7(IdeEventQueue.java:438)
	at com.intellij.openapi.application.TransactionGuardImpl.performActivity(TransactionGuardImpl.java:119)
	at com.intellij.ide.IdeEventQueue.performActivity(IdeEventQueue.java:604)
	at com.intellij.ide.IdeEventQueue.lambda$dispatchEvent$8(IdeEventQueue.java:436)
	at com.intellij.openapi.application.impl.ApplicationImpl.runIntendedWriteActionOnCurrentThread(ApplicationImpl.java:873)
	at com.intellij.ide.IdeEventQueue.dispatchEvent(IdeEventQueue.java:484)
	at java.desktop/java.awt.EventDispatchThread.pumpOneEventForFilters(EventDispatchThread.java:207)
	at java.desktop/java.awt.EventDispatchThread.pumpEventsForFilter(EventDispatchThread.java:128)
	at java.desktop/java.awt.EventDispatchThread.pumpEventsForHierarchy(EventDispatchThread.java:117)
	at java.desktop/java.awt.EventDispatchThread.pumpEvents(EventDispatchThread.java:113)
	at java.desktop/java.awt.EventDispatchThread.pumpEvents(EventDispatchThread.java:105)
	at java.desktop/java.awt.EventDispatchThread.run(EventDispatchThread.java:92)
2022-05-28 14:01:42 INFO  ApacheHttpClient.getTask(488) - responseCode = 200
2022-05-28 14:01:43 INFO  ApacheHttpClient.completed(32) - responseCode = 400
2022-05-28 14:01:43 WARN  TaskCompleted.run(74) - You already completed this task: "Универсальный солдат"
com.homework.plugin.analytics.PluginWarningException: warning
	at com.homework.plugin.callback.TaskCompleted.run(TaskCompleted.java:74)
	at com.intellij.openapi.application.TransactionGuardImpl.runWithWritingAllowed(TransactionGuardImpl.java:215)
	at com.intellij.openapi.application.TransactionGuardImpl.access$100(TransactionGuardImpl.java:22)
	at com.intellij.openapi.application.TransactionGuardImpl$1.run(TransactionGuardImpl.java:197)
	at com.intellij.openapi.application.impl.ApplicationImpl.runIntendedWriteActionOnCurrentThread(ApplicationImpl.java:873)
	at com.intellij.openapi.application.impl.ApplicationImpl$3.run(ApplicationImpl.java:511)
	at com.intellij.openapi.application.impl.FlushQueue.doRun(FlushQueue.java:69)
	at com.intellij.openapi.application.impl.FlushQueue.runNextEvent(FlushQueue.java:112)
	at com.intellij.openapi.application.impl.FlushQueue.flushNow(FlushQueue.java:42)
	at java.desktop/java.awt.event.InvocationEvent.dispatch(InvocationEvent.java:313)
	at java.desktop/java.awt.EventQueue.dispatchEventImpl(EventQueue.java:776)
	at java.desktop/java.awt.EventQueue$4.run(EventQueue.java:727)
	at java.desktop/java.awt.EventQueue$4.run(EventQueue.java:721)
	at java.base/java.security.AccessController.doPrivileged(Native Method)
	at java.base/java.security.ProtectionDomain$JavaSecurityAccessImpl.doIntersectionPrivilege(ProtectionDomain.java:85)
	at java.desktop/java.awt.EventQueue.dispatchEvent(EventQueue.java:746)
	at com.intellij.ide.IdeEventQueue.defaultDispatchEvent(IdeEventQueue.java:898)
	at com.intellij.ide.IdeEventQueue._dispatchEvent(IdeEventQueue.java:746)
	at com.intellij.ide.IdeEventQueue.lambda$dispatchEvent$6(IdeEventQueue.java:439)
	at com.intellij.openapi.progress.impl.CoreProgressManager.computePrioritized(CoreProgressManager.java:803)
	at com.intellij.ide.IdeEventQueue.lambda$dispatchEvent$7(IdeEventQueue.java:438)
	at com.intellij.openapi.application.TransactionGuardImpl.performActivity(TransactionGuardImpl.java:106)
	at com.intellij.ide.IdeEventQueue.performActivity(IdeEventQueue.java:604)
	at com.intellij.ide.IdeEventQueue.lambda$dispatchEvent$8(IdeEventQueue.java:436)
	at com.intellij.openapi.application.impl.ApplicationImpl.runIntendedWriteActionOnCurrentThread(ApplicationImpl.java:873)
	at com.intellij.ide.IdeEventQueue.dispatchEvent(IdeEventQueue.java:484)
	at java.desktop/java.awt.EventDispatchThread.pumpOneEventForFilters(EventDispatchThread.java:207)
	at java.desktop/java.awt.EventDispatchThread.pumpEventsForFilter(EventDispatchThread.java:128)
	at java.desktop/java.awt.EventDispatchThread.pumpEventsForHierarchy(EventDispatchThread.java:117)
	at java.desktop/java.awt.EventDispatchThread.pumpEvents(EventDispatchThread.java:113)
	at java.desktop/java.awt.EventDispatchThread.pumpEvents(EventDispatchThread.java:105)
	at java.desktop/java.awt.EventDispatchThread.run(EventDispatchThread.java:92)
2022-05-28 14:01:45 INFO  ApacheHttpClient.getWebResourceAsStream(502) - responseCode = 200
2022-05-28 14:01:46 INFO  ApacheHttpClient.getFilteredTasks(336) - responseCode = 200
2022-05-28 14:02:53 INFO  ApacheHttpClient.getTaskTemplateInfo(353) - responseCode = 200
2022-05-28 14:02:53 INFO  TaskInfoSelectorMouseListener.createDirectoryRecursive(78) - File created :D:/Java/JavaRushTasks/1.JavaSyntax/src/com/javarush/task/pro/task06/task0607
2022-05-28 14:02:53 INFO  ApacheHttpClient.getTask(488) - responseCode = 200
2022-05-28 14:03:55 INFO  ApacheHttpClient.getWebResourceAsStream(502) - responseCode = 200
2022-05-28 14:03:55 INFO  ApacheHttpClient.getTask(488) - responseCode = 200
2022-05-28 14:03:57 INFO  ApacheHttpClient.completed(32) - responseCode = 200
2022-05-28 14:04:30 INFO  ApacheHttpClient.getWebResourceAsStream(502) - responseCode = 200
2022-05-28 14:04:30 INFO  ApacheHttpClient.getTask(488) - responseCode = 200
2022-05-28 14:04:31 INFO  ApacheHttpClient.completed(32) - responseCode = 200
2022-05-28 14:04:31 INFO  ApacheHttpClient.getTask(488) - responseCode = 200
2022-05-28 14:08:09 INFO  ApacheHttpClient.getWebResourceAsStream(502) - responseCode = 200
2022-05-28 14:08:09 INFO  ApacheHttpClient.getFilteredTasks(336) - responseCode = 200
2022-05-28 14:08:11 INFO  ApacheHttpClient.getTaskTemplateInfo(353) - responseCode = 200
2022-05-28 14:08:11 INFO  TaskInfoSelectorMouseListener.createDirectoryRecursive(78) - File created :D:/Java/JavaRushTasks/1.JavaSyntax/src/com/javarush/task/pro/task06/task0608
2022-05-28 14:08:12 INFO  ApacheHttpClient.getTask(488) - responseCode = 200
2022-05-28 14:10:04 INFO  ApacheHttpClient.getWebResourceAsStream(502) - responseCode = 200
2022-05-28 14:10:05 INFO  ApacheHttpClient.getTask(488) - responseCode = 200
2022-05-28 14:10:05 INFO  ApacheHttpClient.completed(32) - responseCode = 200
2022-05-28 14:10:05 INFO  ApacheHttpClient.getTask(488) - responseCode = 200
2022-05-28 14:10:28 INFO  ApacheHttpClient.getWebResourceAsStream(502) - responseCode = 200
2022-05-28 14:10:29 INFO  ApacheHttpClient.getFilteredTasks(336) - responseCode = 200
2022-05-28 14:10:36 INFO  ApacheHttpClient.getTaskTemplateInfo(353) - responseCode = 200
2022-05-28 14:10:36 INFO  TaskInfoSelectorMouseListener.createDirectoryRecursive(78) - File created :D:/Java/JavaRushTasks/1.JavaSyntax/src/com/javarush/task/pro/task06/task0609
2022-05-28 14:10:36 INFO  ApacheHttpClient.getTask(488) - responseCode = 200
2022-05-28 14:11:36 INFO  ApacheHttpClient.getWebResourceAsStream(502) - responseCode = 200
2022-05-28 14:11:36 INFO  ApacheHttpClient.getFilteredTasks(336) - responseCode = 200
2022-05-28 14:11:37 INFO  ApacheHttpClient.getTaskTemplateInfo(353) - responseCode = 200
2022-05-28 14:12:27 INFO  ApacheHttpClient.getWebResourceAsStream(502) - responseCode = 200
2022-05-28 14:12:27 INFO  ApacheHttpClient.getTask(488) - responseCode = 200
2022-05-28 14:12:29 INFO  ApacheHttpClient.completed(32) - responseCode = 200
2022-05-28 14:16:11 INFO  ApacheHttpClient.getWebResourceAsStream(502) - responseCode = 200
2022-05-28 14:16:11 INFO  ApacheHttpClient.getTask(488) - responseCode = 200
2022-05-28 14:16:16 INFO  ApacheHttpClient.completed(32) - responseCode = 200
2022-05-28 14:16:20 INFO  ApacheHttpClient.getWebResourceAsStream(502) - responseCode = 200
2022-05-28 14:16:20 WARN  PluginUtil.getCurrentTask(78) - Error while retrieving the task key.
java.lang.StringIndexOutOfBoundsException: String index out of range: -1
	at java.base/java.lang.String.substring(String.java:1837)
	at com.homework.plugin.PluginUtil.getCurrentVirtualFile(PluginUtil.java:160)
	at com.homework.plugin.PluginUtil.getCurrentTask(PluginUtil.java:69)
	at com.homework.plugin.button.HelpButton.actionPerformed(HelpButton.java:46)
	at com.intellij.openapi.actionSystem.impl.ActionButton.actionPerformed(ActionButton.java:182)
	at com.intellij.openapi.actionSystem.impl.ActionButton.lambda$performAction$0(ActionButton.java:158)
	at com.intellij.openapi.actionSystem.ex.ActionUtil.performDumbAwareWithCallbacks(ActionUtil.java:256)
	at com.intellij.openapi.actionSystem.impl.ActionButton.performAction(ActionButton.java:158)
	at com.intellij.openapi.actionSystem.impl.ActionButton.processMouseEvent(ActionButton.java:464)
	at java.desktop/java.awt.Component.processEvent(Component.java:6419)
	at java.desktop/java.awt.Container.processEvent(Container.java:2263)
	at java.desktop/java.awt.Component.dispatchEventImpl(Component.java:5029)
	at java.desktop/java.awt.Container.dispatchEventImpl(Container.java:2321)
	at java.desktop/java.awt.Component.dispatchEvent(Component.java:4861)
	at java.desktop/java.awt.LightweightDispatcher.retargetMouseEvent(Container.java:4918)
	at java.desktop/java.awt.LightweightDispatcher.processMouseEvent(Container.java:4547)
	at java.desktop/java.awt.LightweightDispatcher.dispatchEvent(Container.java:4488)
	at java.desktop/java.awt.Container.dispatchEventImpl(Container.java:2307)
	at java.desktop/java.awt.Window.dispatchEventImpl(Window.java:2793)
	at java.desktop/java.awt.Component.dispatchEvent(Component.java:4861)
	at java.desktop/java.awt.EventQueue.dispatchEventImpl(EventQueue.java:778)
	at java.desktop/java.awt.EventQueue$4.run(EventQueue.java:727)
	at java.desktop/java.awt.EventQueue$4.run(EventQueue.java:721)
	at java.base/java.security.AccessController.doPrivileged(Native Method)
	at java.base/java.security.ProtectionDomain$JavaSecurityAccessImpl.doIntersectionPrivilege(ProtectionDomain.java:85)
	at java.base/java.security.ProtectionDomain$JavaSecurityAccessImpl.doIntersectionPrivilege(ProtectionDomain.java:95)
	at java.desktop/java.awt.EventQueue$5.run(EventQueue.java:751)
	at java.desktop/java.awt.EventQueue$5.run(EventQueue.java:749)
	at java.base/java.security.AccessController.doPrivileged(Native Method)
	at java.base/java.security.ProtectionDomain$JavaSecurityAccessImpl.doIntersectionPrivilege(ProtectionDomain.java:85)
	at java.desktop/java.awt.EventQueue.dispatchEvent(EventQueue.java:748)
	at com.intellij.ide.IdeEventQueue.defaultDispatchEvent(IdeEventQueue.java:898)
	at com.intellij.ide.IdeEventQueue.dispatchMouseEvent(IdeEventQueue.java:820)
	at com.intellij.ide.IdeEventQueue._dispatchEvent(IdeEventQueue.java:743)
	at com.intellij.ide.IdeEventQueue.lambda$dispatchEvent$6(IdeEventQueue.java:439)
	at com.intellij.openapi.progress.impl.CoreProgressManager.computePrioritized(CoreProgressManager.java:803)
	at com.intellij.ide.IdeEventQueue.lambda$dispatchEvent$7(IdeEventQueue.java:438)
	at com.intellij.openapi.application.TransactionGuardImpl.performActivity(TransactionGuardImpl.java:119)
	at com.intellij.ide.IdeEventQueue.performActivity(IdeEventQueue.java:604)
	at com.intellij.ide.IdeEventQueue.lambda$dispatchEvent$8(IdeEventQueue.java:436)
	at com.intellij.openapi.application.impl.ApplicationImpl.runIntendedWriteActionOnCurrentThread(ApplicationImpl.java:873)
	at com.intellij.ide.IdeEventQueue.dispatchEvent(IdeEventQueue.java:484)
	at java.desktop/java.awt.EventDispatchThread.pumpOneEventForFilters(EventDispatchThread.java:207)
	at java.desktop/java.awt.EventDispatchThread.pumpEventsForFilter(EventDispatchThread.java:128)
	at java.desktop/java.awt.EventDispatchThread.pumpEventsForHierarchy(EventDispatchThread.java:117)
	at java.desktop/java.awt.EventDispatchThread.pumpEvents(EventDispatchThread.java:113)
	at java.desktop/java.awt.EventDispatchThread.pumpEvents(EventDispatchThread.java:105)
	at java.desktop/java.awt.EventDispatchThread.run(EventDispatchThread.java:92)
2022-05-28 14:16:20 INFO  ApacheHttpClient.getTask(488) - responseCode = 200
2022-05-28 14:17:13 INFO  ApacheHttpClient.getWebResourceAsStream(502) - responseCode = 200
2022-05-28 14:17:14 INFO  ApacheHttpClient.getTask(488) - responseCode = 200
2022-05-28 14:17:16 INFO  ApacheHttpClient.completed(32) - responseCode = 200
2022-05-28 14:17:16 INFO  ApacheHttpClient.getTask(488) - responseCode = 200
2022-05-28 14:17:20 INFO  ApacheHttpClient.getWebResourceAsStream(502) - responseCode = 200
2022-05-28 14:17:20 INFO  ApacheHttpClient.getFilteredTasks(336) - responseCode = 200
2022-05-28 14:28:59 INFO  ApacheHttpClient.getFilteredTasks(336) - responseCode = 200
2022-05-28 14:29:01 INFO  ApacheHttpClient.getTaskTemplateInfo(353) - responseCode = 200
2022-05-28 14:29:01 INFO  TaskInfoSelectorMouseListener.createDirectoryRecursive(78) - File created :D:/Java/JavaRushTasks/1.JavaSyntax/src/com/javarush/task/pro/task06/task0610
2022-05-28 14:29:01 INFO  ApacheHttpClient.getTask(488) - responseCode = 200
2022-05-28 14:30:53 INFO  ApacheHttpClient.getWebResourceAsStream(502) - responseCode = 200
2022-05-28 14:30:54 INFO  ApacheHttpClient.getTask(488) - responseCode = 200
2022-05-28 14:30:56 INFO  ApacheHttpClient.completed(32) - responseCode = 200
2022-05-28 14:30:56 INFO  ApacheHttpClient.getTask(488) - responseCode = 200
2022-05-28 14:34:15 INFO  ApacheHttpClient.getWebResourceAsStream(502) - responseCode = 200
2022-05-28 14:34:15 INFO  ApacheHttpClient.getFilteredTasks(336) - responseCode = 200
2022-05-28 14:34:16 INFO  ApacheHttpClient.getTaskTemplateInfo(353) - responseCode = 200
2022-05-28 14:34:16 INFO  TaskInfoSelectorMouseListener.createDirectoryRecursive(78) - File created :D:/Java/JavaRushTasks/1.JavaSyntax/src/com/javarush/task/pro/task06/task0611
2022-05-28 14:34:16 INFO  ApacheHttpClient.getTask(488) - responseCode = 200
2022-05-28 14:34:59 INFO  ApacheHttpClient.getWebResourceAsStream(502) - responseCode = 200
2022-05-28 14:35:00 INFO  ApacheHttpClient.getTask(488) - responseCode = 200
2022-05-28 14:35:00 INFO  ApacheHttpClient.completed(32) - responseCode = 200
2022-05-28 14:35:00 INFO  ApacheHttpClient.getTask(488) - responseCode = 200
2022-05-28 14:43:52 INFO  ApacheHttpClient.getWebResourceAsStream(502) - responseCode = 200
2022-05-28 14:43:53 INFO  ApacheHttpClient.getFilteredTasks(336) - responseCode = 200
2022-05-28 14:44:17 INFO  ApacheHttpClient.getWebResourceAsStream(502) - responseCode = 200
2022-05-28 14:44:17 INFO  ApacheHttpClient.getFilteredTasks(336) - responseCode = 200
2022-05-28 14:44:19 INFO  ApacheHttpClient.getTaskTemplateInfo(353) - responseCode = 200
2022-05-28 14:44:19 INFO  TaskInfoSelectorMouseListener.createDirectoryRecursive(78) - File created :D:/Java/JavaRushTasks/1.JavaSyntax/src/com/javarush/task/pro/task06/task0612
2022-05-28 14:44:19 INFO  ApacheHttpClient.getTask(488) - responseCode = 200
2022-05-28 14:46:20 INFO  ApacheHttpClient.getWebResourceAsStream(502) - responseCode = 200
2022-05-28 14:46:21 INFO  ApacheHttpClient.getTask(488) - responseCode = 200
2022-05-28 14:46:22 INFO  ApacheHttpClient.completed(32) - responseCode = 200
2022-05-28 14:46:22 INFO  ApacheHttpClient.getTask(488) - responseCode = 200
2022-05-28 14:46:48 INFO  ApacheHttpClient.getWebResourceAsStream(502) - responseCode = 200
2022-05-28 14:46:49 INFO  ApacheHttpClient.getFilteredTasks(336) - responseCode = 200
2022-05-28 14:46:49 INFO  ApacheHttpClient.getTaskTemplateInfo(353) - responseCode = 200
2022-05-28 14:46:49 INFO  TaskInfoSelectorMouseListener.createDirectoryRecursive(78) - File created :D:/Java/JavaRushTasks/1.JavaSyntax/src/com/javarush/task/pro/task06/task0613
2022-05-28 14:46:50 INFO  ApacheHttpClient.getTask(488) - responseCode = 200
2022-05-28 14:51:27 INFO  ApacheHttpClient.getWebResourceAsStream(502) - responseCode = 200
2022-05-28 14:51:27 INFO  ApacheHttpClient.getFilteredTasks(336) - responseCode = 200
2022-05-28 14:51:29 INFO  ApacheHttpClient.getTaskTemplateInfo(353) - responseCode = 200
2022-05-28 14:54:26 INFO  ApacheHttpClient.getWebResourceAsStream(502) - responseCode = 200
2022-05-28 14:54:26 INFO  ApacheHttpClient.getTask(488) - responseCode = 200
2022-05-28 14:54:27 INFO  ApacheHttpClient.completed(32) - responseCode = 200
2022-05-28 14:54:58 INFO  ApacheHttpClient.getWebResourceAsStream(502) - responseCode = 200
2022-05-28 14:54:58 INFO  ApacheHttpClient.getTask(488) - responseCode = 200
2022-05-28 14:54:59 INFO  ApacheHttpClient.completed(32) - responseCode = 200
2022-05-28 14:56:01 INFO  ApacheHttpClient.getWebResourceAsStream(502) - responseCode = 200
2022-05-28 14:56:01 INFO  ApacheHttpClient.getTask(488) - responseCode = 200
2022-05-28 14:56:02 INFO  ApacheHttpClient.completed(32) - responseCode = 200
2022-05-28 14:56:36 INFO  ApacheHttpClient.getWebResourceAsStream(502) - responseCode = 200
2022-05-28 14:56:36 INFO  ApacheHttpClient.getTask(488) - responseCode = 200
2022-05-28 14:56:37 INFO  ApacheHttpClient.completed(32) - responseCode = 200
2022-05-28 14:56:38 INFO  ApacheHttpClient.getTask(488) - responseCode = 200
2022-05-28 15:04:02 INFO  ApacheHttpClient.getWebResourceAsStream(502) - responseCode = 200
2022-05-28 15:04:02 INFO  ApacheHttpClient.getFilteredTasks(336) - responseCode = 200
2022-05-28 15:04:07 INFO  ApacheHttpClient.getTaskTemplateInfo(353) - responseCode = 200
2022-05-28 15:04:07 INFO  TaskInfoSelectorMouseListener.createDirectoryRecursive(78) - File created :D:/Java/JavaRushTasks/1.JavaSyntax/src/com/javarush/task/pro/task06/task0614
2022-05-28 15:04:07 INFO  ApacheHttpClient.getTask(488) - responseCode = 200
2022-05-28 15:04:36 INFO  ApacheHttpClient.getWebResourceAsStream(502) - responseCode = 200
2022-05-28 15:04:37 INFO  ApacheHttpClient.getTask(488) - responseCode = 200
2022-05-28 15:04:37 INFO  ApacheHttpClient.completed(32) - responseCode = 200
2022-05-28 15:04:37 INFO  ApacheHttpClient.getTask(488) - responseCode = 200
2022-05-28 15:05:08 INFO  ApacheHttpClient.getWebResourceAsStream(502) - responseCode = 200
2022-05-28 15:05:08 INFO  ApacheHttpClient.getFilteredTasks(336) - responseCode = 200
2022-05-28 15:05:14 INFO  ApacheHttpClient.getTaskTemplateInfo(353) - responseCode = 200
2022-05-28 15:05:14 INFO  TaskInfoSelectorMouseListener.createDirectoryRecursive(78) - File created :D:/Java/JavaRushTasks/1.JavaSyntax/src/com/javarush/task/pro/task06/task0615
2022-05-28 15:05:15 INFO  ApacheHttpClient.getTask(488) - responseCode = 200
2022-05-28 15:06:11 INFO  ApacheHttpClient.getWebResourceAsStream(502) - responseCode = 200
2022-05-28 15:06:11 INFO  ApacheHttpClient.getTask(488) - responseCode = 200
2022-05-28 15:06:12 INFO  ApacheHttpClient.completed(32) - responseCode = 200
2022-05-28 15:06:32 INFO  ApacheHttpClient.getWebResourceAsStream(502) - responseCode = 200
2022-05-28 15:06:32 INFO  ApacheHttpClient.getTask(488) - responseCode = 200
2022-05-28 15:06:33 INFO  ApacheHttpClient.completed(32) - responseCode = 200
2022-05-28 15:07:14 INFO  ApacheHttpClient.getWebResourceAsStream(502) - responseCode = 200
2022-05-28 15:07:14 INFO  ApacheHttpClient.getTask(488) - responseCode = 200
2022-05-28 15:07:15 INFO  ApacheHttpClient.completed(32) - responseCode = 200
2022-05-28 15:08:04 INFO  ApacheHttpClient.getWebResourceAsStream(502) - responseCode = 200
2022-05-28 15:08:05 INFO  ApacheHttpClient.getTask(488) - responseCode = 200
2022-05-28 15:08:05 INFO  ApacheHttpClient.completed(32) - responseCode = 200
2022-05-28 15:08:32 INFO  ApacheHttpClient.getWebResourceAsStream(502) - responseCode = 200
2022-05-28 15:08:32 INFO  ApacheHttpClient.getTask(488) - responseCode = 200
2022-05-28 15:08:33 INFO  ApacheHttpClient.completed(32) - responseCode = 200
2022-05-28 15:08:33 INFO  ApacheHttpClient.getTask(488) - responseCode = 200
2022-05-28 15:09:01 INFO  ApacheHttpClient.getWebResourceAsStream(502) - responseCode = 200
2022-05-28 15:09:01 INFO  ApacheHttpClient.getFilteredTasks(336) - responseCode = 200
2022-05-28 15:11:24 INFO  ApacheHttpClient.getTaskTemplateInfo(353) - responseCode = 200
2022-05-28 15:11:24 INFO  TaskInfoSelectorMouseListener.createDirectoryRecursive(78) - File created :D:/Java/JavaRushTasks/1.JavaSyntax/src/com/javarush/task/pro/task06/task0616
2022-05-28 15:11:24 INFO  ApacheHttpClient.getTask(488) - responseCode = 200
2022-05-28 15:12:46 INFO  ApacheHttpClient.getWebResourceAsStream(502) - responseCode = 200
2022-05-28 15:12:47 INFO  ApacheHttpClient.getTask(488) - responseCode = 200
2022-05-28 15:12:47 INFO  ApacheHttpClient.completed(32) - responseCode = 200
2022-05-28 15:12:48 INFO  ApacheHttpClient.getTask(488) - responseCode = 200
2022-05-28 15:13:03 INFO  ApacheHttpClient.getWebResourceAsStream(502) - responseCode = 200
2022-05-28 15:13:03 INFO  ApacheHttpClient.getFilteredTasks(336) - responseCode = 200
2022-05-28 15:42:52 INFO  ApacheHttpClient.getWebResourceAsStream(502) - responseCode = 200
2022-05-28 15:42:52 INFO  ApacheHttpClient.getTask(488) - responseCode = 200
2022-05-28 15:42:55 INFO  ApacheHttpClient.completed(32) - responseCode = 400
2022-05-28 15:42:55 WARN  TaskCompleted.run(74) - You already completed this task: "Учет работников"
com.homework.plugin.analytics.PluginWarningException: warning
	at com.homework.plugin.callback.TaskCompleted.run(TaskCompleted.java:74)
	at com.intellij.openapi.application.TransactionGuardImpl.runWithWritingAllowed(TransactionGuardImpl.java:215)
	at com.intellij.openapi.application.TransactionGuardImpl.access$100(TransactionGuardImpl.java:22)
	at com.intellij.openapi.application.TransactionGuardImpl$1.run(TransactionGuardImpl.java:197)
	at com.intellij.openapi.application.impl.ApplicationImpl.runIntendedWriteActionOnCurrentThread(ApplicationImpl.java:873)
	at com.intellij.openapi.application.impl.ApplicationImpl$3.run(ApplicationImpl.java:511)
	at com.intellij.openapi.application.impl.FlushQueue.doRun(FlushQueue.java:69)
	at com.intellij.openapi.application.impl.FlushQueue.runNextEvent(FlushQueue.java:112)
	at com.intellij.openapi.application.impl.FlushQueue.flushNow(FlushQueue.java:42)
	at java.desktop/java.awt.event.InvocationEvent.dispatch(InvocationEvent.java:313)
	at java.desktop/java.awt.EventQueue.dispatchEventImpl(EventQueue.java:776)
	at java.desktop/java.awt.EventQueue$4.run(EventQueue.java:727)
	at java.desktop/java.awt.EventQueue$4.run(EventQueue.java:721)
	at java.base/java.security.AccessController.doPrivileged(Native Method)
	at java.base/java.security.ProtectionDomain$JavaSecurityAccessImpl.doIntersectionPrivilege(ProtectionDomain.java:85)
	at java.desktop/java.awt.EventQueue.dispatchEvent(EventQueue.java:746)
	at com.intellij.ide.IdeEventQueue.defaultDispatchEvent(IdeEventQueue.java:898)
	at com.intellij.ide.IdeEventQueue._dispatchEvent(IdeEventQueue.java:746)
	at com.intellij.ide.IdeEventQueue.lambda$dispatchEvent$6(IdeEventQueue.java:439)
	at com.intellij.openapi.progress.impl.CoreProgressManager.computePrioritized(CoreProgressManager.java:803)
	at com.intellij.ide.IdeEventQueue.lambda$dispatchEvent$7(IdeEventQueue.java:438)
	at com.intellij.openapi.application.TransactionGuardImpl.performActivity(TransactionGuardImpl.java:106)
	at com.intellij.ide.IdeEventQueue.performActivity(IdeEventQueue.java:604)
	at com.intellij.ide.IdeEventQueue.lambda$dispatchEvent$8(IdeEventQueue.java:436)
	at com.intellij.openapi.application.impl.ApplicationImpl.runIntendedWriteActionOnCurrentThread(ApplicationImpl.java:873)
	at com.intellij.ide.IdeEventQueue.dispatchEvent(IdeEventQueue.java:484)
	at java.desktop/java.awt.EventDispatchThread.pumpOneEventForFilters(EventDispatchThread.java:207)
	at java.desktop/java.awt.EventDispatchThread.pumpEventsForFilter(EventDispatchThread.java:128)
	at java.desktop/java.awt.EventDispatchThread.pumpEventsForHierarchy(EventDispatchThread.java:117)
	at java.desktop/java.awt.EventDispatchThread.pumpEvents(EventDispatchThread.java:113)
	at java.desktop/java.awt.EventDispatchThread.pumpEvents(EventDispatchThread.java:105)
	at java.desktop/java.awt.EventDispatchThread.run(EventDispatchThread.java:92)
2022-05-28 15:56:11 INFO  ApacheHttpClient.getWebResourceAsStream(502) - responseCode = 200
2022-05-28 15:56:11 INFO  ApacheHttpClient.getFilteredTasks(336) - responseCode = 200
2022-05-28 15:58:02 INFO  ProjectStartupHandler.projectClosing(155) - ---------- Project closed ----------

2022-05-28 15:58:02 INFO  ApacheHttpClient.getTask(488) - responseCode = 200
2022-05-28 15:58:02 INFO  ApacheHttpClient.getTask(488) - responseCode = 200
2022-05-28 15:58:03 INFO  ApacheHttpClient.getTask(488) - responseCode = 200
2022-05-28 15:58:03 INFO  ApacheHttpClient.getTask(488) - responseCode = 200
2022-05-28 15:58:03 INFO  ApacheHttpClient.getTask(488) - responseCode = 200
2022-05-28 15:58:03 INFO  ApacheHttpClient.getTask(488) - responseCode = 200
2022-05-28 15:58:03 INFO  ApacheHttpClient.getTask(488) - responseCode = 200
2022-05-28 15:58:03 INFO  ApacheHttpClient.getTask(488) - responseCode = 200
2022-05-28 15:58:04 INFO  ApacheHttpClient.getTask(488) - responseCode = 200
2022-05-28 15:58:04 INFO  ApacheHttpClient.getTask(488) - responseCode = 200
2022-05-28 15:58:04 INFO  ApacheHttpClient.getTask(488) - responseCode = 200
2022-05-28 15:58:04 INFO  ApacheHttpClient.getTask(488) - responseCode = 200
2022-05-28 15:58:04 INFO  ApacheHttpClient.getTask(488) - responseCode = 200
2022-05-28 15:58:04 INFO  ApacheHttpClient.getTask(488) - responseCode = 200
2022-05-28 15:58:05 INFO  ApacheHttpClient.getTask(488) - responseCode = 200
2022-05-28 15:58:05 INFO  ApacheHttpClient.getTask(488) - responseCode = 200
2022-05-28 15:58:05 INFO  PluginProjectService.dispose(41) - PluginProjectService for disposed.
2022-05-28 17:02:36 INFO  ProjectStartupHandler.runActivity(74) - ---------- Project opened ----------
2022-05-28 17:02:36 INFO  ProjectStartupHandler.runActivity(75) - ---------- Version 3.57 ----------

2022-05-28 17:02:36 INFO  ApacheHttpClient.isSessionAppropriateWithSecretKey(602) - Waiting for server response.
2022-05-28 17:02:37 INFO  ApacheHttpClient.refreshUserInfo(305) - responseCode = 200
2022-05-28 17:02:37 INFO  ApacheHttpClient.refreshUserInfo(311) - User information received.
2022-05-28 17:02:37 INFO  ApacheHttpClient.startGA(36) - GAService started.
2022-05-28 18:36:23 INFO  ProjectStartupHandler.projectClosing(155) - ---------- Project closed ----------

2022-05-28 18:36:23 INFO  PluginProjectService.dispose(41) - PluginProjectService for disposed.
2022-05-28 18:36:35 INFO  ProjectStartupHandler.runActivity(74) - ---------- Project opened ----------
2022-05-28 18:36:35 INFO  ProjectStartupHandler.runActivity(75) - ---------- Version 3.57 ----------

2022-05-28 18:36:35 INFO  ApacheHttpClient.isSessionAppropriateWithSecretKey(602) - Waiting for server response.
2022-05-28 18:36:35 INFO  ApacheHttpClient.refreshUserInfo(305) - responseCode = 200
2022-05-28 18:36:35 INFO  ApacheHttpClient.refreshUserInfo(311) - User information received.
2022-05-28 18:36:35 INFO  ApacheHttpClient.startGA(36) - GAService started.
2022-05-28 19:07:14 INFO  ApacheHttpClient.getWebResourceAsStream(502) - responseCode = 200
2022-05-28 19:07:14 INFO  ApacheHttpClient.getFilteredTasks(336) - responseCode = 200
2022-05-28 19:07:19 INFO  ApacheHttpClient.getTaskTemplateInfo(353) - responseCode = 200
2022-05-28 19:07:19 INFO  TaskInfoSelectorMouseListener.createDirectoryRecursive(78) - File created :D:/Java/JavaRushTasks/1.JavaSyntax/src/com/javarush/task/pro/task05/task0520
2022-05-28 19:08:34 INFO  ApacheHttpClient.getWebResourceAsStream(502) - responseCode = 200
2022-05-28 19:08:34 INFO  ApacheHttpClient.getFilteredTasks(336) - responseCode = 200
2022-05-28 19:08:36 INFO  ApacheHttpClient.getTaskTemplateInfo(353) - responseCode = 200
2022-05-28 19:10:37 INFO  ApacheHttpClient.getWebResourceAsStream(502) - responseCode = 200
2022-05-28 19:10:37 INFO  ApacheHttpClient.getTask(488) - responseCode = 200
2022-05-28 19:10:40 INFO  ApacheHttpClient.completed(32) - responseCode = 200
2022-05-28 19:10:57 INFO  ApacheHttpClient.getWebResourceAsStream(502) - responseCode = 200
2022-05-28 19:10:57 INFO  ApacheHttpClient.getTask(488) - responseCode = 200
2022-05-28 19:10:59 INFO  ApacheHttpClient.completed(32) - responseCode = 200
2022-05-28 19:12:10 INFO  ApacheHttpClient.getWebResourceAsStream(502) - responseCode = 200
2022-05-28 19:12:10 INFO  ApacheHttpClient.getTask(488) - responseCode = 200
2022-05-28 19:12:11 INFO  ApacheHttpClient.completed(32) - responseCode = 200
2022-05-28 19:12:28 INFO  ApacheHttpClient.getWebResourceAsStream(502) - responseCode = 200
2022-05-28 19:12:28 INFO  ApacheHttpClient.getTask(488) - responseCode = 200
2022-05-28 19:12:29 INFO  ApacheHttpClient.completed(32) - responseCode = 200
2022-05-28 19:13:43 INFO  ApacheHttpClient.getWebResourceAsStream(502) - responseCode = 200
2022-05-28 19:13:43 INFO  ApacheHttpClient.getTask(488) - responseCode = 200
2022-05-28 19:13:44 INFO  ApacheHttpClient.completed(32) - responseCode = 200
2022-05-28 19:14:18 INFO  ApacheHttpClient.getWebResourceAsStream(502) - responseCode = 200
2022-05-28 19:14:19 INFO  ApacheHttpClient.getTask(488) - responseCode = 200
2022-05-28 19:14:20 INFO  ApacheHttpClient.completed(32) - responseCode = 200
2022-05-28 19:14:26 INFO  ApacheHttpClient.getWebResourceAsStream(502) - responseCode = 200
2022-05-28 19:14:26 INFO  ApacheHttpClient.getTask(488) - responseCode = 200
2022-05-28 19:16:12 INFO  ApacheHttpClient.getWebResourceAsStream(502) - responseCode = 200
2022-05-28 19:16:12 INFO  ApacheHttpClient.getTask(488) - responseCode = 200
2022-05-28 19:16:13 INFO  ApacheHttpClient.completed(32) - responseCode = 200
2022-05-28 19:16:31 INFO  ApacheHttpClient.getWebResourceAsStream(502) - responseCode = 200
2022-05-28 19:16:32 INFO  ApacheHttpClient.getTask(488) - responseCode = 200
2022-05-28 19:16:33 INFO  ApacheHttpClient.completed(32) - responseCode = 200
2022-05-28 19:16:39 INFO  ApacheHttpClient.getWebResourceAsStream(502) - responseCode = 200
2022-05-28 19:16:40 INFO  ApacheHttpClient.getTask(488) - responseCode = 200
2022-05-28 19:16:40 INFO  ApacheHttpClient.completed(32) - responseCode = 200
2022-05-28 19:17:58 INFO  ApacheHttpClient.getWebResourceAsStream(502) - responseCode = 200
2022-05-28 19:17:59 INFO  ApacheHttpClient.getTask(488) - responseCode = 200
2022-05-28 19:17:59 INFO  ApacheHttpClient.completed(32) - responseCode = 200
2022-05-28 19:18:00 INFO  ApacheHttpClient.getTask(488) - responseCode = 200
2022-05-28 19:18:10 INFO  ApacheHttpClient.getWebResourceAsStream(502) - responseCode = 200
2022-05-28 19:18:10 INFO  ApacheHttpClient.getFilteredTasks(336) - responseCode = 200
2022-05-28 19:18:20 INFO  ApacheHttpClient.getTaskTemplateInfo(353) - responseCode = 200
2022-05-28 19:18:20 INFO  TaskInfoSelectorMouseListener.createDirectoryRecursive(78) - File created :D:/Java/JavaRushTasks/1.JavaSyntax/src/com/javarush/task/pro/task05/task0521
2022-05-28 19:18:20 INFO  ApacheHttpClient.getTask(488) - responseCode = 200
2022-05-28 19:21:14 INFO  ApacheHttpClient.getWebResourceAsStream(502) - responseCode = 200
2022-05-28 19:21:15 INFO  ApacheHttpClient.getTask(488) - responseCode = 200
2022-05-28 19:21:15 INFO  ApacheHttpClient.completed(32) - responseCode = 200
2022-05-28 19:21:15 INFO  ApacheHttpClient.getTask(488) - responseCode = 200
2022-05-28 19:21:26 INFO  ApacheHttpClient.getWebResourceAsStream(502) - responseCode = 200
2022-05-28 19:21:26 INFO  ApacheHttpClient.getFilteredTasks(336) - responseCode = 200
2022-05-28 19:23:11 INFO  ProjectStartupHandler.projectClosing(155) - ---------- Project closed ----------

2022-05-28 19:23:11 INFO  ApacheHttpClient.getTask(488) - responseCode = 200
2022-05-28 19:23:11 INFO  ApacheHttpClient.getTask(488) - responseCode = 200
2022-05-28 19:23:12 INFO  ApacheHttpClient.getTask(488) - responseCode = 200
2022-05-28 19:23:12 INFO  ApacheHttpClient.getTask(488) - responseCode = 200
2022-05-28 19:23:12 INFO  ApacheHttpClient.getTask(488) - responseCode = 200
2022-05-28 19:23:12 INFO  PluginProjectService.dispose(41) - PluginProjectService for disposed.
2022-05-28 19:27:06 INFO  PluginProjectService.<init>(33) - PluginProjectService for JavaRushTasks initiated.
2022-05-28 19:27:07 INFO  ApacheHttpClient.getTask(488) - responseCode = 200
2022-05-28 19:27:07 INFO  ApacheHttpClient.getWebResourceAsStream(502) - responseCode = 200
2022-05-28 19:27:07 INFO  ProjectStartupHandler.runActivity(74) - ---------- Project opened ----------
2022-05-28 19:27:07 INFO  ProjectStartupHandler.runActivity(74) - ---------- Project opened ----------
2022-05-28 19:27:07 INFO  ProjectStartupHandler.runActivity(75) - ---------- Version 3.57 ----------

2022-05-28 19:27:07 INFO  ProjectStartupHandler.runActivity(75) - ---------- Version 3.57 ----------

2022-05-28 19:27:08 INFO  ApacheHttpClient.isSessionAppropriateWithSecretKey(602) - Waiting for server response.
2022-05-28 19:27:08 INFO  ApacheHttpClient.isSessionAppropriateWithSecretKey(602) - Waiting for server response.
2022-05-28 19:27:08 INFO  ApacheHttpClient.refreshUserInfo(305) - responseCode = 200
2022-05-28 19:27:08 INFO  ApacheHttpClient.refreshUserInfo(305) - responseCode = 200
2022-05-28 19:27:08 INFO  ApacheHttpClient.refreshUserInfo(311) - User information received.
2022-05-28 19:27:08 INFO  ApacheHttpClient.refreshUserInfo(311) - User information received.
2022-05-28 19:27:08 INFO  ApacheHttpClient.startGA(36) - GAService started.
2022-05-28 19:27:08 INFO  ApacheHttpClient.startGA(36) - GAService started.
2022-05-28 19:27:59 INFO  ProjectStartupHandler.projectClosing(155) - ---------- Project closed ----------

2022-05-28 19:27:59 INFO  ProjectStartupHandler.projectClosing(155) - ---------- Project closed ----------

2022-05-28 19:27:59 INFO  PluginProjectService.dispose(41) - PluginProjectService for disposed.
2022-05-28 19:27:59 INFO  PluginProjectService.dispose(41) - PluginProjectService for disposed.
2022-05-28 19:32:09 INFO  ProjectStartupHandler.runActivity(74) - ---------- Project opened ----------
2022-05-28 19:32:09 INFO  ProjectStartupHandler.runActivity(75) - ---------- Version 3.57 ----------

2022-05-28 19:32:09 INFO  ApacheHttpClient.isSessionAppropriateWithSecretKey(602) - Waiting for server response.
2022-05-28 19:32:09 INFO  ApacheHttpClient.refreshUserInfo(305) - responseCode = 200
2022-05-28 19:32:09 INFO  ApacheHttpClient.refreshUserInfo(311) - User information received.
2022-05-28 19:32:09 INFO  ApacheHttpClient.startGA(36) - GAService started.
2022-05-28 19:32:37 INFO  ProjectStartupHandler.projectClosing(155) - ---------- Project closed ----------

2022-05-28 19:32:38 INFO  PluginProjectService.dispose(41) - PluginProjectService for disposed.
2022-05-28 19:57:32 INFO  PluginProjectService.<init>(33) - PluginProjectService for JavaRushTasks initiated.
2022-05-28 19:57:33 INFO  ApacheHttpClient.getWebResourceAsStream(502) - responseCode = 200
2022-05-28 19:57:33 INFO  ProjectStartupHandler.runActivity(74) - ---------- Project opened ----------
2022-05-28 19:57:33 INFO  ProjectStartupHandler.runActivity(74) - ---------- Project opened ----------
2022-05-28 19:57:33 INFO  ProjectStartupHandler.runActivity(75) - ---------- Version 3.57 ----------

2022-05-28 19:57:33 INFO  ProjectStartupHandler.runActivity(75) - ---------- Version 3.57 ----------

2022-05-28 19:57:33 INFO  ApacheHttpClient.isSessionAppropriateWithSecretKey(602) - Waiting for server response.
2022-05-28 19:57:33 INFO  ApacheHttpClient.isSessionAppropriateWithSecretKey(602) - Waiting for server response.
2022-05-28 19:57:33 INFO  ApacheHttpClient.refreshUserInfo(305) - responseCode = 200
2022-05-28 19:57:33 INFO  ApacheHttpClient.refreshUserInfo(305) - responseCode = 200
2022-05-28 19:57:33 INFO  ApacheHttpClient.refreshUserInfo(311) - User information received.
2022-05-28 19:57:33 INFO  ApacheHttpClient.refreshUserInfo(311) - User information received.
2022-05-28 19:57:33 INFO  ApacheHttpClient.startGA(36) - GAService started.
2022-05-28 19:57:33 INFO  ApacheHttpClient.startGA(36) - GAService started.
2022-05-28 21:02:29 INFO  ApacheHttpClient.getWebResourceAsStream(502) - responseCode = 200
2022-05-28 21:02:29 INFO  ApacheHttpClient.getWebResourceAsStream(502) - responseCode = 200
2022-05-28 21:02:29 INFO  ApacheHttpClient.getFilteredTasks(336) - responseCode = 200
2022-05-28 21:02:29 INFO  ApacheHttpClient.getFilteredTasks(336) - responseCode = 200
2022-05-28 21:02:34 INFO  ApacheHttpClient.getFilteredTasks(336) - responseCode = 200
2022-05-28 21:02:34 INFO  ApacheHttpClient.getFilteredTasks(336) - responseCode = 200
2022-05-28 21:03:28 INFO  ProjectStartupHandler.projectClosing(155) - ---------- Project closed ----------

2022-05-28 21:03:28 INFO  ProjectStartupHandler.projectClosing(155) - ---------- Project closed ----------

2022-05-28 21:03:28 INFO  ApacheHttpClient.getTask(488) - responseCode = 200
2022-05-28 21:03:28 INFO  ApacheHttpClient.getTask(488) - responseCode = 200
2022-05-28 21:03:28 INFO  PluginProjectService.dispose(41) - PluginProjectService for disposed.
2022-05-28 21:03:28 INFO  PluginProjectService.dispose(41) - PluginProjectService for disposed.
2022-05-29 12:16:49 INFO  ProjectStartupHandler.runActivity(74) - ---------- Project opened ----------
2022-05-29 12:16:49 INFO  ProjectStartupHandler.runActivity(75) - ---------- Version 3.57 ----------

2022-05-29 12:16:49 INFO  ApacheHttpClient.isSessionAppropriateWithSecretKey(602) - Waiting for server response.
2022-05-29 12:16:50 INFO  ApacheHttpClient.refreshUserInfo(305) - responseCode = 200
2022-05-29 12:16:50 INFO  ApacheHttpClient.refreshUserInfo(311) - User information received.
2022-05-29 12:16:50 INFO  ApacheHttpClient.startGA(36) - GAService started.
